TN:
SF:src\domain\use-cases\create-table.use-case.ts
FN:13,CreateTable
FN:21,execute
FNF:2
FNH:2
FNDA:2,CreateTable
FNDA:2,execute
DA:1,1
DA:2,1
DA:3,1
DA:4,1
DA:5,1
DA:6,1
DA:7,1
DA:8,1
DA:9,1
DA:10,1
DA:11,1
DA:12,1
DA:13,1
DA:14,2
DA:15,2
DA:16,2
DA:17,2
DA:18,2
DA:19,2
DA:20,1
DA:21,1
DA:22,2
DA:23,2
DA:24,30
DA:25,30
DA:26,30
DA:27,30
DA:28,30
DA:29,30
DA:30,2
DA:31,2
DA:32,2
DA:33,1
DA:34,1
LF:34
LH:34
BRDA:13,0,0,2
BRDA:21,1,0,2
BRDA:23,2,0,30
BRDA:28,3,0,28
BRF:4
BRH:4
end_of_record
TN:
SF:src\domain\use-cases\save-file.use-case.ts
FN:17,SaveFile
FN:24,execute
FNF:2
FNH:2
FNDA:4,SaveFile
FNDA:4,execute
DA:1,1
DA:2,1
DA:3,1
DA:4,1
DA:5,1
DA:6,1
DA:7,1
DA:8,1
DA:9,1
DA:10,1
DA:11,1
DA:12,1
DA:13,1
DA:14,1
DA:15,1
DA:16,1
DA:17,1
DA:18,4
DA:19,4
DA:20,4
DA:21,4
DA:22,4
DA:23,1
DA:24,1
DA:25,4
DA:26,4
DA:27,4
DA:28,4
DA:29,4
DA:30,4
DA:31,4
DA:32,4
DA:33,4
DA:34,1
DA:35,1
DA:36,1
DA:37,4
DA:38,4
DA:39,1
LF:39
LH:39
BRDA:17,0,0,4
BRDA:24,1,0,4
BRDA:33,2,0,1
BRF:3
BRH:3
end_of_record
